Running via Spring preloader in process 4034
Running via Spring preloader in process 4581
Running via Spring preloader in process 5348
Running via Spring preloader in process 6348
Running via Spring preloader in process 6514
Running via Spring preloader in process 6691
Running via Spring preloader in process 6866
/home/enextus/.rbenv/versions/2.5.0/lib/ruby/2.5.0/fileutils.rb:90: warning: already initialized constant FileUtils::VERSION
/home/enextus/.rbenv/versions/2.5.0/lib/ruby/gems/2.5.0/gems/fileutils-1.1.0/lib/fileutils.rb:92: warning: previous definition of VERSION was here
/home/enextus/.rbenv/versions/2.5.0/lib/ruby/2.5.0/fileutils.rb:1188: warning: already initialized constant FileUtils::Entry_::S_IF_DOOR
/home/enextus/.rbenv/versions/2.5.0/lib/ruby/gems/2.5.0/gems/fileutils-1.1.0/lib/fileutils.rb:1267: warning: previous definition of S_IF_DOOR was here
/home/enextus/.rbenv/versions/2.5.0/lib/ruby/2.5.0/fileutils.rb:1446: warning: already initialized constant FileUtils::Entry_::DIRECTORY_TERM
/home/enextus/.rbenv/versions/2.5.0/lib/ruby/gems/2.5.0/gems/fileutils-1.1.0/lib/fileutils.rb:1541: warning: previous definition of DIRECTORY_TERM was here
/home/enextus/.rbenv/versions/2.5.0/lib/ruby/2.5.0/fileutils.rb:1448: warning: already initialized constant FileUtils::Entry_::SYSCASE
/home/enextus/.rbenv/versions/2.5.0/lib/ruby/gems/2.5.0/gems/fileutils-1.1.0/lib/fileutils.rb:1543: warning: previous definition of SYSCASE was here
/home/enextus/.rbenv/versions/2.5.0/lib/ruby/2.5.0/fileutils.rb:1501: warning: already initialized constant FileUtils::OPT_TABLE
/home/enextus/.rbenv/versions/2.5.0/lib/ruby/gems/2.5.0/gems/fileutils-1.1.0/lib/fileutils.rb:1596: warning: previous definition of OPT_TABLE was here
/home/enextus/.rbenv/versions/2.5.0/lib/ruby/2.5.0/fileutils.rb:1555: warning: already initialized constant FileUtils::LOW_METHODS
/home/enextus/.rbenv/versions/2.5.0/lib/ruby/gems/2.5.0/gems/fileutils-1.1.0/lib/fileutils.rb:1650: warning: previous definition of LOW_METHODS was here
/home/enextus/.rbenv/versions/2.5.0/lib/ruby/2.5.0/fileutils.rb:1562: warning: already initialized constant FileUtils::METHODS
/home/enextus/.rbenv/versions/2.5.0/lib/ruby/gems/2.5.0/gems/fileutils-1.1.0/lib/fileutils.rb:1657: warning: previous definition of METHODS was here
Running via Spring preloader in process 3978
Running via Spring preloader in process 4946
Running via Spring preloader in process 5134
Running via Spring preloader in process 5306
Running via Spring preloader in process 5437
Running via Spring preloader in process 5602
Running via Spring preloader in process 5743
Running via Spring preloader in process 5878
Running via Spring preloader in process 6097
Running via Spring preloader in process 7182
Running via Spring preloader in process 8418
Running via Spring preloader in process 8582
Running via Spring preloader in process 8743
Running via Spring preloader in process 8916
Running via Spring preloader in process 9079
Running via Spring preloader in process 9577
Running via Spring preloader in process 9719
Running via Spring preloader in process 10501
Running via Spring preloader in process 10748
Running via Spring preloader in process 10944
Running via Spring preloader in process 11088
Running via Spring preloader in process 12533
Running via Spring preloader in process 13021
Running via Spring preloader in process 13433
Running via Spring preloader in process 15188
Running via Spring preloader in process 16707
Running via Spring preloader in process 16936
Running via Spring preloader in process 17254
Running via Spring preloader in process 17532
Running via Spring preloader in process 17759
Running via Spring preloader in process 19550
Running via Spring preloader in process 21002
Running via Spring preloader in process 23504
Running via Spring preloader in process 24101
Running via Spring preloader in process 24420
Running via Spring preloader in process 25231
Running via Spring preloader in process 26096
Running via Spring preloader in process 27243
Running via Spring preloader in process 28704
Running via Spring preloader in process 29039
Running via Spring preloader in process 29376
Running via Spring preloader in process 30161
Running via Spring preloader in process 30389
Running via Spring preloader in process 32351
Running via Spring preloader in process 645
Running via Spring preloader in process 1837
Running via Spring preloader in process 2072
Running via Spring preloader in process 2491
Running via Spring preloader in process 3230
Running via Spring preloader in process 3900
Running via Spring preloader in process 4292
Running via Spring preloader in process 4512
Running via Spring preloader in process 4828
Running via Spring preloader in process 5141
Running via Spring preloader in process 5377
Running via Spring preloader in process 5602
Running via Spring preloader in process 6041
Running via Spring preloader in process 8128
Running via Spring preloader in process 10412
Running via Spring preloader in process 11657
Running via Spring preloader in process 12235
Running via Spring preloader in process 13340
Running via Spring preloader in process 13629
Running via Spring preloader in process 13862
Running via Spring preloader in process 14168
Running via Spring preloader in process 14871
Running via Spring preloader in process 15534
Running via Spring preloader in process 15748
Running via Spring preloader in process 15967
Running via Spring preloader in process 16163
Running via Spring preloader in process 16468
Running via Spring preloader in process 16735
Running via Spring preloader in process 16936
Running via Spring preloader in process 17154
Running via Spring preloader in process 17366
Running via Spring preloader in process 17658
Running via Spring preloader in process 17868
Running via Spring preloader in process 18046
Running via Spring preloader in process 19745
Running via Spring preloader in process 20464
Running via Spring preloader in process 22242
Running via Spring preloader in process 22898
Running via Spring preloader in process 23085
Running via Spring preloader in process 24038
Running via Spring preloader in process 25111
Running via Spring preloader in process 25817
Running via Spring preloader in process 26189
Running via Spring preloader in process 27700
/home/enextus/.rbenv/versions/2.5.0/lib/ruby/2.5.0/fileutils.rb:90: warning: already initialized constant FileUtils::VERSION
/home/enextus/.rbenv/versions/2.5.0/lib/ruby/gems/2.5.0/gems/fileutils-1.1.0/lib/fileutils.rb:92: warning: previous definition of VERSION was here
/home/enextus/.rbenv/versions/2.5.0/lib/ruby/2.5.0/fileutils.rb:1188: warning: already initialized constant FileUtils::Entry_::S_IF_DOOR
/home/enextus/.rbenv/versions/2.5.0/lib/ruby/gems/2.5.0/gems/fileutils-1.1.0/lib/fileutils.rb:1267: warning: previous definition of S_IF_DOOR was here
/home/enextus/.rbenv/versions/2.5.0/lib/ruby/2.5.0/fileutils.rb:1446: warning: already initialized constant FileUtils::Entry_::DIRECTORY_TERM
/home/enextus/.rbenv/versions/2.5.0/lib/ruby/gems/2.5.0/gems/fileutils-1.1.0/lib/fileutils.rb:1541: warning: previous definition of DIRECTORY_TERM was here
/home/enextus/.rbenv/versions/2.5.0/lib/ruby/2.5.0/fileutils.rb:1448: warning: already initialized constant FileUtils::Entry_::SYSCASE
/home/enextus/.rbenv/versions/2.5.0/lib/ruby/gems/2.5.0/gems/fileutils-1.1.0/lib/fileutils.rb:1543: warning: previous definition of SYSCASE was here
/home/enextus/.rbenv/versions/2.5.0/lib/ruby/2.5.0/fileutils.rb:1501: warning: already initialized constant FileUtils::OPT_TABLE
/home/enextus/.rbenv/versions/2.5.0/lib/ruby/gems/2.5.0/gems/fileutils-1.1.0/lib/fileutils.rb:1596: warning: previous definition of OPT_TABLE was here
/home/enextus/.rbenv/versions/2.5.0/lib/ruby/2.5.0/fileutils.rb:1555: warning: already initialized constant FileUtils::LOW_METHODS
/home/enextus/.rbenv/versions/2.5.0/lib/ruby/gems/2.5.0/gems/fileutils-1.1.0/lib/fileutils.rb:1650: warning: previous definition of LOW_METHODS was here
/home/enextus/.rbenv/versions/2.5.0/lib/ruby/2.5.0/fileutils.rb:1562: warning: already initialized constant FileUtils::METHODS
/home/enextus/.rbenv/versions/2.5.0/lib/ruby/gems/2.5.0/gems/fileutils-1.1.0/lib/fileutils.rb:1657: warning: previous definition of METHODS was here
Running via Spring preloader in process 4122
Running via Spring preloader in process 5107
Running via Spring preloader in process 5828
